2017-04-09 05:23:01 [127.0.0.1][-][hojtl6f1n1l32aa68kq653cob1][error][yii\db\Exception] PDOException: SQLSTATE[HY000] [1045] Access denied for user 'root'@'localhost' (using password: NO) in /var/www/html/advanced/vendor/yiisoft/yii2/db/Connection.php:630
Stack trace:
#0 /var/www/html/advanced/vendor/yiisoft/yii2/db/Connection.php(630): PDO->__construct('mysql:host=loca...', 'root', '', NULL)
#1 /var/www/html/advanced/vendor/yiisoft/yii2/db/Connection.php(563): yii\db\Connection->createPdoInstance()
#2 /var/www/html/advanced/vendor/yiisoft/yii2/db/Connection.php(896): yii\db\Connection->open()
#3 /var/www/html/advanced/vendor/yiisoft/yii2/db/Connection.php(883): yii\db\Connection->getMasterPdo()
#4 /var/www/html/advanced/vendor/yiisoft/yii2/db/Schema.php(483): yii\db\Connection->getSlavePdo()
#5 /var/www/html/advanced/vendor/yiisoft/yii2/db/Connection.php(792): yii\db\Schema->quoteValue('saeedh')
#6 /var/www/html/advanced/vendor/yiisoft/yii2/db/Command.php(175): yii\db\Connection->quoteValue('saeedh')
#7 /var/www/html/advanced/vendor/yiisoft/yii2/db/Command.php(871): yii\db\Command->getRawSql()
#8 /var/www/html/advanced/vendor/yiisoft/yii2/db/Command.php(388): yii\db\Command->queryInternal('fetchColumn', 0)
#9 /var/www/html/advanced/vendor/yiisoft/yii2/db/Query.php(395): yii\db\Command->queryScalar()
#10 /var/www/html/advanced/vendor/yiisoft/yii2/validators/UniqueValidator.php(160): yii\db\Query->exists()
#11 /var/www/html/advanced/vendor/yiisoft/yii2/validators/UniqueValidator.php(133): yii\validators\UniqueValidator->modelExists('\\common\\models\\...', Array, Object(frontend\models\SignupForm))
#12 /var/www/html/advanced/vendor/yiisoft/yii2/validators/Validator.php(267): yii\validators\UniqueValidator->validateAttribute(Object(frontend\models\SignupForm), 'username')
#13 /var/www/html/advanced/vendor/yiisoft/yii2/base/Model.php(358): yii\validators\Validator->validateAttributes(Object(frontend\models\SignupForm), Array)
#14 /var/www/html/advanced/frontend/models/SignupForm.php(46): yii\base\Model->validate()
#15 /var/www/html/advanced/frontend/controllers/SiteController.php(153): frontend\models\SignupForm->signup()
#16 [internal function]: frontend\controllers\SiteController->actionSignup()
#17 /var/www/html/advanced/vendor/yiisoft/yii2/base/InlineAction.php(57): call_user_func_array(Array, Array)
#18 /var/www/html/advanced/vendor/yiisoft/yii2/base/Controller.php(156): yii\base\InlineAction->runWithParams(Array)
#19 /var/www/html/advanced/vendor/yiisoft/yii2/base/Module.php(523): yii\base\Controller->runAction('signup', Array)
#20 /var/www/html/advanced/vendor/yiisoft/yii2/web/Application.php(102): yii\base\Module->runAction('site/signup', Array)
#21 /var/www/html/advanced/vendor/yiisoft/yii2/base/Application.php(380): yii\web\Application->handleRequest(Object(yii\web\Request))
#22 /var/www/html/advanced/frontend/web/index.php(17): yii\base\Application->run()
#23 {main}

Next yii\db\Exception: SQLSTATE[HY000] [1045] Access denied for user 'root'@'localhost' (using password: NO) in /var/www/html/advanced/vendor/yiisoft/yii2/db/Connection.php:568
Stack trace:
#0 /var/www/html/advanced/vendor/yiisoft/yii2/db/Connection.php(896): yii\db\Connection->open()
#1 /var/www/html/advanced/vendor/yiisoft/yii2/db/Connection.php(883): yii\db\Connection->getMasterPdo()
#2 /var/www/html/advanced/vendor/yiisoft/yii2/db/Schema.php(483): yii\db\Connection->getSlavePdo()
#3 /var/www/html/advanced/vendor/yiisoft/yii2/db/Connection.php(792): yii\db\Schema->quoteValue('saeedh')
#4 /var/www/html/advanced/vendor/yiisoft/yii2/db/Command.php(175): yii\db\Connection->quoteValue('saeedh')
#5 /var/www/html/advanced/vendor/yiisoft/yii2/db/Command.php(871): yii\db\Command->getRawSql()
#6 /var/www/html/advanced/vendor/yiisoft/yii2/db/Command.php(388): yii\db\Command->queryInternal('fetchColumn', 0)
#7 /var/www/html/advanced/vendor/yiisoft/yii2/db/Query.php(395): yii\db\Command->queryScalar()
#8 /var/www/html/advanced/vendor/yiisoft/yii2/validators/UniqueValidator.php(160): yii\db\Query->exists()
#9 /var/www/html/advanced/vendor/yiisoft/yii2/validators/UniqueValidator.php(133): yii\validators\UniqueValidator->modelExists('\\common\\models\\...', Array, Object(frontend\models\SignupForm))
#10 /var/www/html/advanced/vendor/yiisoft/yii2/validators/Validator.php(267): yii\validators\UniqueValidator->validateAttribute(Object(frontend\models\SignupForm), 'username')
#11 /var/www/html/advanced/vendor/yiisoft/yii2/base/Model.php(358): yii\validators\Validator->validateAttributes(Object(frontend\models\SignupForm), Array)
#12 /var/www/html/advanced/frontend/models/SignupForm.php(46): yii\base\Model->validate()
#13 /var/www/html/advanced/frontend/controllers/SiteController.php(153): frontend\models\SignupForm->signup()
#14 [internal function]: frontend\controllers\SiteController->actionSignup()
#15 /var/www/html/advanced/vendor/yiisoft/yii2/base/InlineAction.php(57): call_user_func_array(Array, Array)
#16 /var/www/html/advanced/vendor/yiisoft/yii2/base/Controller.php(156): yii\base\InlineAction->runWithParams(Array)
#17 /var/www/html/advanced/vendor/yiisoft/yii2/base/Module.php(523): yii\base\Controller->runAction('signup', Array)
#18 /var/www/html/advanced/vendor/yiisoft/yii2/web/Application.php(102): yii\base\Module->runAction('site/signup', Array)
#19 /var/www/html/advanced/vendor/yiisoft/yii2/base/Application.php(380): yii\web\Application->handleRequest(Object(yii\web\Request))
#20 /var/www/html/advanced/frontend/web/index.php(17): yii\base\Application->run()
#21 {main}
Additional Information:

2017-04-09 05:23:01 [127.0.0.1][-][hojtl6f1n1l32aa68kq653cob1][info][application] $_GET = [
    'r' => 'site/signup'
]

$_POST = [
    '_csrf-frontend' => 'dWhKanZmdmJABAIhNBAwAEUMMzw9DjIyEiIZIAwjHC4iRRgADA5CJQ=='
    'SignupForm' => [
        'username' => 'saeedh'
        'email' => 'homsysaeed@gmail.com'
        'password' => '123456'
    ]
    'signup-button' => ''
]

$_COOKIE = [
    '_csrf' => 'f6cb4079bb3843bf79d5e50d73042323ece69a4e492ead47144f0fd2f3e6de71a:2:{i:0;s:5:\"_csrf\";i:1;s:32:\"RX3m-qyJSwtUbFnxG06H8bQO_FCahDFG\";}'
    'advanced-frontend' => 'hojtl6f1n1l32aa68kq653cob1'
    'advanced-backend' => 'ku85epaagvcv8uqha67ickpdd4'
    '_csrf-frontend' => '6ec2da6d2d58675b82645d64d0d1dac93c47019682342c30cb0a479d614755cba:2:{i:0;s:14:\"_csrf-frontend\";i:1;s:32:\"5lHKBvFb0dyVKhDPgJSJzEjLW-Rjzh4G\";}'
    '_csrf-backend' => '408e335b339a6c335576d4e22d5818fdf04fda45e9082abbcbd7e77863f63497a:2:{i:0;s:13:\"_csrf-backend\";i:1;s:32:\"mWNf0q3Nez8wRw3Vr6LlhRzej1Qva_82\";}'
]

$_SESSION = [
    '__flash' => []
    '__captcha/site/captcha' => 'qewokul'
    '__captcha/site/captchacount' => 1
]

$_SERVER = [
    'HTTP_HOST' => '127.0.0.1'
    'HTTP_CONNECTION' => 'keep-alive'
    'CONTENT_LENGTH' => '199'
    'HTTP_CACHE_CONTROL' => 'max-age=0'
    'HTTP_ORIGIN' => 'http://127.0.0.1'
    'HTTP_UPGRADE_INSECURE_REQUESTS' => '1'
    'HTTP_USER_AGENT' => 'Mozilla/5.0 (X11; Linux x86_64) AppleWebKit/537.36 (KHTML, like Gecko) Chrome/55.0.2883.87 Safari/537.36'
    'CONTENT_TYPE' => 'application/x-www-form-urlencoded'
    'HTTP_ACCEPT' => 'text/html,application/xhtml+xml,application/xml;q=0.9,image/webp,*/*;q=0.8'
    'HTTP_REFERER' => 'http://127.0.0.1/advanced/frontend/web/index.php?r=site%2Fsignup'
    'HTTP_ACCEPT_ENCODING' => 'gzip, deflate, br'
    'HTTP_ACCEPT_LANGUAGE' => 'en-US,en;q=0.8,ar;q=0.6'
    'HTTP_COOKIE' => '_csrf=f6cb4079bb3843bf79d5e50d73042323ece69a4e492ead47144f0fd2f3e6de71a%3A2%3A%7Bi%3A0%3Bs%3A5%3A%22_csrf%22%3Bi%3A1%3Bs%3A32%3A%22RX3m-qyJSwtUbFnxG06H8bQO_FCahDFG%22%3B%7D; advanced-frontend=hojtl6f1n1l32aa68kq653cob1; advanced-backend=ku85epaagvcv8uqha67ickpdd4; _csrf-frontend=6ec2da6d2d58675b82645d64d0d1dac93c47019682342c30cb0a479d614755cba%3A2%3A%7Bi%3A0%3Bs%3A14%3A%22_csrf-frontend%22%3Bi%3A1%3Bs%3A32%3A%225lHKBvFb0dyVKhDPgJSJzEjLW-Rjzh4G%22%3B%7D; _csrf-backend=408e335b339a6c335576d4e22d5818fdf04fda45e9082abbcbd7e77863f63497a%3A2%3A%7Bi%3A0%3Bs%3A13%3A%22_csrf-backend%22%3Bi%3A1%3Bs%3A32%3A%22mWNf0q3Nez8wRw3Vr6LlhRzej1Qva_82%22%3B%7D'
    'PATH' => '/usr/local/sbin:/usr/local/bin:/usr/sbin:/usr/bin:/sbin:/bin'
    'SERVER_SIGNATURE' => '<address>Apache/2.4.18 (Ubuntu) Server at 127.0.0.1 Port 80</address>
'
    'SERVER_SOFTWARE' => 'Apache/2.4.18 (Ubuntu)'
    'SERVER_NAME' => '127.0.0.1'
    'SERVER_ADDR' => '127.0.0.1'
    'SERVER_PORT' => '80'
    'REMOTE_ADDR' => '127.0.0.1'
    'DOCUMENT_ROOT' => '/var/www/html'
    'REQUEST_SCHEME' => 'http'
    'CONTEXT_PREFIX' => ''
    'CONTEXT_DOCUMENT_ROOT' => '/var/www/html'
    'SERVER_ADMIN' => 'webmaster@localhost'
    'SCRIPT_FILENAME' => '/var/www/html/advanced/frontend/web/index.php'
    'REMOTE_PORT' => '37884'
    'GATEWAY_INTERFACE' => 'CGI/1.1'
    'SERVER_PROTOCOL' => 'HTTP/1.1'
    'REQUEST_METHOD' => 'POST'
    'QUERY_STRING' => 'r=site%2Fsignup'
    'REQUEST_URI' => '/advanced/frontend/web/index.php?r=site%2Fsignup'
    'SCRIPT_NAME' => '/advanced/frontend/web/index.php'
    'PHP_SELF' => '/advanced/frontend/web/index.php'
    'REQUEST_TIME_FLOAT' => 1491715381.531
    'REQUEST_TIME' => 1491715381
]
